ca65 V2.13.3 - (C) Copyright 1998-2012 Ullrich von Bassewitz
Main file   : hello.asm
Current file: hello.asm

000000r 1                   .org $0fff
000FFF  1  01 10            .word $1001                 ;start of the BASIC program
001001  1  0B 10        	.word start-2               ; redundancy?
001003  1  01 00        	.word $0001                 ; BASIC line
001005  1  9E           	.byte $9e                   ; SYS
001006  1  34 31 30 39  	.byte "4109"                ;4109, start
00100A  1  00 00 00     	.byte 0, 0, 0               ; end of BASIC
00100D  1               
00100D  1               start:
00100D  1                   ;; lda #$4A
00100D  1                   ;; jsr $FFD2
00100D  1  A9 B0            lda #$b0
00100F  1  85 A0            sta $a0
001011  1  A9 04            lda #$04
001013  1  85 A1            sta $a1
001015  1  20 19 10         jsr print
001018  1               
001018  1  00               brk
001019  1               
001019  1               print:
001019  1                   .proc Print                 ; create Print namespace
001019  1  A2 00            ldx #$00
00101B  1               loop:
00101B  1  A1 A0            lda ($a0,x)
00101D  1  C9 00            cmp #$0
00101F  1  F0 09            beq done
001021  1  A1 A0            lda ($a0,x)
001023  1  20 D2 FF         jsr $FFD2
001026  1  E8               inx
001027  1  4C 1B 10         jmp loop
00102A  1               done:
00102A  1  60               rts
00102B  1                   .endproc                    ;Print
00102B  1               
00102B  1               
00102B  1               .segment "DATA"
00102B  1  C8 45 4C 4C  msg: .byte "Hello there this is an awfully long string that should be easy to catch shouldn't it?", $00
00102F  1  4F 20 54 48  
001033  1  45 52 45 20  
001081  1               
001081  1  00 00 00 00  printbuf:    .res 256, $00
001085  1  00 00 00 00  
001089  1  00 00 00 00  
001081  1               
